                      :-) GROMACS - gmx mdrun, 2022.4 (-:

Copyright 1991-2022 The GROMACS Authors.
GROMACS is free software; you can redistribute it and/or modify it
under the terms of the GNU Lesser General Public License
as published by the Free Software Foundation; either version 2.1
of the License, or (at your option) any later version.

                         Current GROMACS contributors:
       Mark Abraham           Andrey Alekseenko           Cathrine Bergh      
      Christian Blau            Eliane Briand               Kevin Boyd        
     Oliver Fleetwood         Stefan Fleischmann           Vytas Gapsys       
       Gaurav Garg           Gilles Gouaillardet            Alan Gray         
      Victor Holanda           M. Eric Irrgang              Joe Jordan        
    Christoph Junghans        Prashanth Kanduri           Sebastian Kehl      
     Sebastian Keller          Carsten Kutzner           Magnus Lundborg      
       Pascal Merz              Dmitry Morozov             Szilard Pall       
      Roland Schulz             Michael Shirts         David van der Spoel    
     Alessandra Villa      Sebastian Wingbermuehle        Artem Zhmurov       

                         Previous GROMACS contributors:
        Emile Apol             Rossen Apostolov           James Barnett       
  Herman J.C. Berendsen          Par Bjelkmar           Viacheslav Bolnykh    
    Aldert van Buuren          Carlo Camilloni           Rudi van Drunen      
      Anton Feenstra           Gerrit Groenhof            Bert de Groot       
      Anca Hamuraru           Vincent Hindriksen         Aleksei Iupinov      
   Dimitrios Karkoulis           Peter Kasson               Jiri Kraus        
       Per Larsson             Justin A. Lemkul           Viveca Lindahl      
      Erik Marklund           Pieter Meulenhoff           Vedran Miletic      
      Teemu Murtola              Sander Pronk            Alexey Shvetsov      
      Alfons Sijbers            Peter Tieleman             Jon Vincent        
     Teemu Virolainen         Christian Wennberg           Maarten Wolf       

                  Coordinated by the GROMACS project leaders:
                    Paul Bauer, Berk Hess, and Erik Lindahl

GROMACS:      gmx mdrun, version 2022.4
Executable:   /curc/sw/install/gromacs/2022.4/openmpi/4.1.1/gcc/11.2.0/bin/gmx
Data prefix:  /curc/sw/install/gromacs/2022.4/openmpi/4.1.1/gcc/11.2.0
Working dir:  /projects/liwh2139/rotations/shirts/test/gromacs/new/molecules/4_ethylphenol/gromacs_workflow/21_prod/lambda_15
Process ID:   2205198
Command line:
  gmx mdrun

GROMACS version:    2022.4
Precision:          mixed
Memory model:       64 bit
MPI library:        thread_mpi
OpenMP support:     enabled (GMX_OPENMP_MAX_THREADS = 128)
GPU support:        CUDA
SIMD instructions:  AVX2_256
CPU FFT library:    fftw-3.3.8-sse2-avx-avx2-avx2_128
GPU FFT library:    cuFFT
RDTSCP usage:       enabled
TNG support:        enabled
Hwloc support:      disabled
Tracing support:    disabled
C compiler:         /usr/bin/cc GNU 8.4.1
C compiler flags:   -mavx2 -mfma -Wno-missing-field-initializers -fexcess-precision=fast -funroll-all-loops -O3 -DNDEBUG
C++ compiler:       /usr/bin/c++ GNU 8.4.1
C++ compiler flags: -mavx2 -mfma -Wno-missing-field-initializers -fexcess-precision=fast -funroll-all-loops -fopenmp -O3 -DNDEBUG
CUDA compiler:      /curc/sw/cuda/11.4/bin/nvcc nvcc: NVIDIA (R) Cuda compiler driver;Copyright (c) 2005-2021 NVIDIA Corporation;Built on Wed_Jun__2_19:15:15_PDT_2021;Cuda compilation tools, release 11.4, V11.4.48;Build cuda_11.4.r11.4/compiler.30033411_0
CUDA compiler flags:-std=c++17;--generate-code=arch=compute_35,code=sm_35;--generate-code=arch=compute_37,code=sm_37;--generate-code=arch=compute_50,code=sm_50;--generate-code=arch=compute_52,code=sm_52;--generate-code=arch=compute_60,code=sm_60;--generate-code=arch=compute_61,code=sm_61;--generate-code=arch=compute_70,code=sm_70;--generate-code=arch=compute_75,code=sm_75;--generate-code=arch=compute_80,code=sm_80;--generate-code=arch=compute_86,code=sm_86;-Wno-deprecated-gpu-targets;--generate-code=arch=compute_53,code=sm_53;--generate-code=arch=compute_80,code=sm_80;-use_fast_math;-D_FORCE_INLINES;-mavx2 -mfma -Wno-missing-field-initializers -fexcess-precision=fast -funroll-all-loops -fopenmp -O3 -DNDEBUG
CUDA driver:        0.0
CUDA runtime:       N/A


Running on 1 node with total 1 cores, 1 processing units (GPU detection failed)
Hardware detected:
  CPU info:
    Vendor: AMD
    Brand:  AMD EPYC 7313 16-Core Processor                
    Family: 25   Model: 1   Stepping: 1
    Features: aes amd apic avx avx2 clfsh cmov cx8 cx16 f16c fma htt lahf misalignsse mmx msr nonstop_tsc pcid pclmuldq pdpe1gb popcnt pse rdrnd rdtscp sha sse2 sse3 sse4a sse4.1 sse4.2 ssse3 x2apic
  Hardware topology: Basic
    Packages, cores, and logical processors:
    [indices refer to OS logical processors]
      Package  0: [   9]
    CPU limit set by OS: -1   Recommended max number of threads: 1


++++ PLEASE READ AND CITE THE FOLLOWING REFERENCE ++++
M. J. Abraham, T. Murtola, R. Schulz, S. Páll, J. C. Smith, B. Hess, E.
Lindahl
GROMACS: High performance molecular simulations through multi-level
parallelism from laptops to supercomputers
SoftwareX 1 (2015) pp. 19-25
-------- -------- --- Thank You --- -------- --------


++++ PLEASE READ AND CITE THE FOLLOWING REFERENCE ++++
S. Páll, M. J. Abraham, C. Kutzner, B. Hess, E. Lindahl
Tackling Exascale Software Challenges in Molecular Dynamics Simulations with
GROMACS
In S. Markidis & E. Laure (Eds.), Solving Software Challenges for Exascale 8759 (2015) pp. 3-27
-------- -------- --- Thank You --- -------- --------


++++ PLEASE READ AND CITE THE FOLLOWING REFERENCE ++++
S. Pronk, S. Páll, R. Schulz, P. Larsson, P. Bjelkmar, R. Apostolov, M. R.
Shirts, J. C. Smith, P. M. Kasson, D. van der Spoel, B. Hess, and E. Lindahl
GROMACS 4.5: a high-throughput and highly parallel open source molecular
simulation toolkit
Bioinformatics 29 (2013) pp. 845-54
-------- -------- --- Thank You --- -------- --------


++++ PLEASE READ AND CITE THE FOLLOWING REFERENCE ++++
B. Hess and C. Kutzner and D. van der Spoel and E. Lindahl
GROMACS 4: Algorithms for highly efficient, load-balanced, and scalable
molecular simulation
J. Chem. Theory Comput. 4 (2008) pp. 435-447
-------- -------- --- Thank You --- -------- --------


++++ PLEASE READ AND CITE THE FOLLOWING REFERENCE ++++
D. van der Spoel, E. Lindahl, B. Hess, G. Groenhof, A. E. Mark and H. J. C.
Berendsen
GROMACS: Fast, Flexible and Free
J. Comp. Chem. 26 (2005) pp. 1701-1719
-------- -------- --- Thank You --- -------- --------


++++ PLEASE READ AND CITE THE FOLLOWING REFERENCE ++++
E. Lindahl and B. Hess and D. van der Spoel
GROMACS 3.0: A package for molecular simulation and trajectory analysis
J. Mol. Mod. 7 (2001) pp. 306-317
-------- -------- --- Thank You --- -------- --------


++++ PLEASE READ AND CITE THE FOLLOWING REFERENCE ++++
H. J. C. Berendsen, D. van der Spoel and R. van Drunen
GROMACS: A message-passing parallel molecular dynamics implementation
Comp. Phys. Comm. 91 (1995) pp. 43-56
-------- -------- --- Thank You --- -------- --------


++++ PLEASE CITE THE DOI FOR THIS VERSION OF GROMACS ++++
https://doi.org/10.5281/zenodo.7323393
-------- -------- --- Thank You --- -------- --------

Input Parameters:
   integrator                     = sd
   tinit                          = 0
   dt                             = 0.002
   nsteps                         = 100000
   init-step                      = 0
   simulation-part                = 1
   mts                            = false
   comm-mode                      = Linear
   nstcomm                        = 100
   bd-fric                        = 0
   ld-seed                        = -34734082
   emtol                          = 10
   emstep                         = 0.01
   niter                          = 20
   fcstep                         = 0
   nstcgsteep                     = 1000
   nbfgscorr                      = 10
   rtpi                           = 0.05
   nstxout                        = 1000
   nstvout                        = 1000
   nstfout                        = 1000
   nstlog                         = 1000
   nstcalcenergy                  = 50
   nstenergy                      = 1000
   nstxout-compressed             = 1000
   compressed-x-precision         = 1000
   cutoff-scheme                  = Verlet
   nstlist                        = 10
   pbc                            = xyz
   periodic-molecules             = false
   verlet-buffer-tolerance        = 0.005
   rlist                          = 1.1
   coulombtype                    = PME
   coulomb-modifier               = Potential-shift
   rcoulomb-switch                = 0
   rcoulomb                       = 1.1
   epsilon-r                      = 1
   epsilon-rf                     = inf
   vdw-type                       = Cut-off
   vdw-modifier                   = Potential-shift
   rvdw-switch                    = 0
   rvdw                           = 1.1
   DispCorr                       = No
   table-extension                = 1
   fourierspacing                 = 0.13
   fourier-nx                     = 28
   fourier-ny                     = 28
   fourier-nz                     = 28
   pme-order                      = 4
   ewald-rtol                     = 1e-05
   ewald-rtol-lj                  = 0.001
   lj-pme-comb-rule               = Geometric
   ewald-geometry                 = 3d
   epsilon-surface                = 0
   tcoupl                         = No
   nsttcouple                     = -1
   nh-chain-length                = 0
   print-nose-hoover-chain-variables = false
   pcoupl                         = C-rescale
   pcoupltype                     = Isotropic
   nstpcouple                     = 10
   tau-p                          = 5
   compressibility (3x3):
      compressibility[    0]={ 4.50000e-05,  0.00000e+00,  0.00000e+00}
      compressibility[    1]={ 0.00000e+00,  4.50000e-05,  0.00000e+00}
      compressibility[    2]={ 0.00000e+00,  0.00000e+00,  4.50000e-05}
   ref-p (3x3):
      ref-p[    0]={ 1.00000e+00,  0.00000e+00,  0.00000e+00}
      ref-p[    1]={ 0.00000e+00,  1.00000e+00,  0.00000e+00}
      ref-p[    2]={ 0.00000e+00,  0.00000e+00,  1.00000e+00}
   refcoord-scaling               = No
   posres-com (3):
      posres-com[0]= 0.00000e+00
      posres-com[1]= 0.00000e+00
      posres-com[2]= 0.00000e+00
   posres-comB (3):
      posres-comB[0]= 0.00000e+00
      posres-comB[1]= 0.00000e+00
      posres-comB[2]= 0.00000e+00
   QMMM                           = false
qm-opts:
   ngQM                           = 0
   constraint-algorithm           = Lincs
   continuation                   = false
   Shake-SOR                      = false
   shake-tol                      = 0.0001
   lincs-order                    = 4
   lincs-iter                     = 1
   lincs-warnangle                = 30
   nwall                          = 0
   wall-type                      = 9-3
   wall-r-linpot                  = -1
   wall-atomtype[0]               = -1
   wall-atomtype[1]               = -1
   wall-density[0]                = 0
   wall-density[1]                = 0
   wall-ewald-zfac                = 3
   pull                           = false
   awh                            = false
   rotation                       = false
   interactiveMD                  = false
   disre                          = No
   disre-weighting                = Conservative
   disre-mixed                    = false
   dr-fc                          = 1000
   dr-tau                         = 0
   nstdisreout                    = 100
   orire-fc                       = 0
   orire-tau                      = 0
   nstorireout                    = 100
   free-energy                    = yes
   init-lambda                    = -1
   init-lambda-state              = 15
   delta-lambda                   = 0
   nstdhdl                        = 50
   n-lambdas                      = 21
   separate-dvdl:
       fep-lambdas =   TRUE
      mass-lambdas =   FALSE
      coul-lambdas =   FALSE
       vdw-lambdas =   FALSE
    bonded-lambdas =   FALSE
 restraint-lambdas =   FALSE
temperature-lambdas =   FALSE
all-lambdas:
       fep-lambdas =            0        0.05         0.1        0.15         0.2        0.25         0.3        0.35         0.4        0.45         0.5        0.55         0.6        0.65         0.7        0.75         0.8        0.85         0.9        0.95           1
      mass-lambdas =            0        0.05         0.1        0.15         0.2        0.25         0.3        0.35         0.4        0.45         0.5        0.55         0.6        0.65         0.7        0.75         0.8        0.85         0.9        0.95           1
      coul-lambdas =            0        0.05         0.1        0.15         0.2        0.25         0.3        0.35         0.4        0.45         0.5        0.55         0.6        0.65         0.7        0.75         0.8        0.85         0.9        0.95           1
       vdw-lambdas =            0        0.05         0.1        0.15         0.2        0.25         0.3        0.35         0.4        0.45         0.5        0.55         0.6        0.65         0.7        0.75         0.8        0.85         0.9        0.95           1
    bonded-lambdas =            0        0.05         0.1        0.15         0.2        0.25         0.3        0.35         0.4        0.45         0.5        0.55         0.6        0.65         0.7        0.75         0.8        0.85         0.9        0.95           1
 restraint-lambdas =            0        0.05         0.1        0.15         0.2        0.25         0.3        0.35         0.4        0.45         0.5        0.55         0.6        0.65         0.7        0.75         0.8        0.85         0.9        0.95           1
temperature-lambdas =            0        0.05         0.1        0.15         0.2        0.25         0.3        0.35         0.4        0.45         0.5        0.55         0.6        0.65         0.7        0.75         0.8        0.85         0.9        0.95           1
   calc-lambda-neighbors          = -1
   dhdl-print-energy              = potential
   sc-alpha                       = 1
   sc-power                       = 1
   sc-r-power                     = 6
   sc-sigma                       = 0.3
   sc-sigma-min                   = 0.3
   sc-coul                        = true
   dh-hist-size                   = 0
   dh-hist-spacing                = 0.1
   separate-dhdl-file             = yes
   dhdl-derivatives               = yes
   sc-function                    = beutler
   sc-gapsys-scale-linpoint-lj    = 0.85
   sc-gapsys-scale-linpoint-q     = 0.3
   sc-gapsys-sigma-lj             = 0.3
   cos-acceleration               = 0
   deform (3x3):
      deform[    0]={ 0.00000e+00,  0.00000e+00,  0.00000e+00}
      deform[    1]={ 0.00000e+00,  0.00000e+00,  0.00000e+00}
      deform[    2]={ 0.00000e+00,  0.00000e+00,  0.00000e+00}
   simulated-tempering            = false
   swapcoords                     = no
   userint1                       = 0
   userint2                       = 0
   userint3                       = 0
   userint4                       = 0
   userreal1                      = 0
   userreal2                      = 0
   userreal3                      = 0
   userreal4                      = 0
   applied-forces:
     electric-field:
       x:
         E0                       = 0
         omega                    = 0
         t0                       = 0
         sigma                    = 0
       y:
         E0                       = 0
         omega                    = 0
         t0                       = 0
         sigma                    = 0
       z:
         E0                       = 0
         omega                    = 0
         t0                       = 0
         sigma                    = 0
     density-guided-simulation:
       active                     = false
       group                      = protein
       similarity-measure         = inner-product
       atom-spreading-weight      = unity
       force-constant             = 1e+09
       gaussian-transform-spreading-width = 0.2
       gaussian-transform-spreading-range-in-multiples-of-width = 4
       reference-density-filename = reference.mrc
       nst                        = 1
       normalize-densities        = true
       adaptive-force-scaling     = false
       adaptive-force-scaling-time-constant = 4
       shift-vector               = 
       transformation-matrix      = 
     qmmm-cp2k:
       active                     = false
       qmgroup                    = System
       qmmethod                   = PBE
       qmfilenames                = 
       qmcharge                   = 0
       qmmultiplicity             = 1
grpopts:
   nrdf:        6044
   ref-t:         300
   tau-t:           2
annealing:          No
annealing-npoints:           0
   acc:	           0           0           0
   nfreeze:           N           N           N
   energygrp-flags[  0]: 0

Changing nstlist from 10 to 50, rlist from 1.1 to 1.208

When checking whether update groups are usable:
  At least one moleculetype does not conform to the requirements for using update groups

Initializing Domain Decomposition on 1 ranks
Dynamic load balancing: auto
Minimum cell size due to atom displacement: 0.441 nm
Initial maximum distances in bonded interactions:
    two-body bonded interactions: 0.769 nm, LJC Pairs NB, atoms 12 19
  multi-body bonded interactions: 0.389 nm, Proper Dih., atoms 2 5
Minimum cell size due to bonded interactions: 0.428 nm
Maximum distance for 5 constraints, at 120 deg. angles, all-trans: 0.219 nm
Estimated maximum distance required for P-LINCS: 0.219 nm
Using 0 separate PME ranks because: there are too few total ranks for efficient splitting
Optimizing the DD grid for 1 cells with a minimum initial size of 0.441 nm
The maximum allowed number of cells is: X 6 Y 6 Z 5
Domain decomposition grid 1 x 1 x 1, separate PME ranks 0
PME domain decomposition: 1 x 1 x 1

The initial number of communication pulses is:
The initial domain decomposition cell size is:

The maximum allowed distance for atoms involved in interactions is:
                 non-bonded interactions           1.208 nm
(the following are initial values, they could change due to box deformation)
            two-body bonded interactions  (-rdd)   1.208 nm
          multi-body bonded interactions  (-rdd)   1.208 nm
  atoms separated by up to 5 constraints  (-rcon)  2.454 nm

When dynamic load balancing gets turned on, these settings will change to:
The maximum number of communication pulses is:
The minimum size for domain decomposition cells is 1.208 nm
The requested allowed shrink of DD cells (option -dds) is: 0.80
The allowed shrink of domain decomposition cells is:
The maximum allowed distance for atoms involved in interactions is:
                 non-bonded interactions           1.208 nm
            two-body bonded interactions  (-rdd)   1.208 nm
          multi-body bonded interactions  (-rdd)   1.208 nm
  atoms separated by up to 5 constraints  (-rcon)  1.208 nm

Using 1 MPI thread

Non-default thread affinity set, disabling internal thread affinity

Using 1 OpenMP thread 

System total charge, top. A: 0.000 top. B: -0.000
Will do PME sum in reciprocal space for electrostatic interactions.

++++ PLEASE READ AND CITE THE FOLLOWING REFERENCE ++++
U. Essmann, L. Perera, M. L. Berkowitz, T. Darden, H. Lee and L. G. Pedersen 
A smooth particle mesh Ewald method
J. Chem. Phys. 103 (1995) pp. 8577-8592
-------- -------- --- Thank You --- -------- --------

Using a Gaussian width (1/beta) of 0.352179 nm for Ewald
Potential shift: LJ r^-12: -3.186e-01 r^-6: -5.645e-01, Ewald -9.091e-06
Initialized non-bonded Coulomb Ewald tables, spacing: 9.79e-04 size: 2258

Generated table with 1104 data points for 1-4 COUL.
Tabscale = 500 points/nm
Generated table with 1104 data points for 1-4 LJ6.
Tabscale = 500 points/nm
Generated table with 1104 data points for 1-4 LJ12.
Tabscale = 500 points/nm


Using SIMD 4x8 nonbonded short-range kernels

Using a dual 4x8 pair-list setup updated with dynamic pruning:
  outer list: updated every 50 steps, buffer 0.108 nm, rlist 1.208 nm
  inner list: updated every 12 steps, buffer 0.002 nm, rlist 1.102 nm
At tolerance 0.005 kJ/mol/ps per atom, equivalent classical 1x1 list would be:
  outer list: updated every 50 steps, buffer 0.236 nm, rlist 1.336 nm
  inner list: updated every 12 steps, buffer 0.048 nm, rlist 1.148 nm

Using Lorentz-Berthelot Lennard-Jones combination rule
There are 19 atoms and 19 charges for free energy perturbation
Removing pbc first time

Linking all bonded interactions to atoms


Initializing Parallel LINear Constraint Solver

++++ PLEASE READ AND CITE THE FOLLOWING REFERENCE ++++
B. Hess
P-LINCS: A Parallel Linear Constraint Solver for molecular simulation
J. Chem. Theory Comput. 4 (2008) pp. 116-122
-------- -------- --- Thank You --- -------- --------

The number of constraints is 10
There are constraints between atoms in different decomposition domains,
will communicate selected coordinates each lincs iteration

++++ PLEASE READ AND CITE THE FOLLOWING REFERENCE ++++
S. Miyamoto and P. A. Kollman
SETTLE: An Analytical Version of the SHAKE and RATTLE Algorithms for Rigid
Water Models
J. Comp. Chem. 13 (1992) pp. 952-962
-------- -------- --- Thank You --- -------- --------

Initial vector of lambda components:[     0.7500     0.7500     0.7500     0.7500     0.7500     0.7500     0.7500 ]

++++ PLEASE READ AND CITE THE FOLLOWING REFERENCE ++++
M. Bernetti, G. Bussi
Pressure control using stochastic cell rescaling
J. Chem. Phys. 153 (2020) pp. 114107
-------- -------- --- Thank You --- -------- --------


++++ PLEASE READ AND CITE THE FOLLOWING REFERENCE ++++
N. Goga and A. J. Rzepiela and A. H. de Vries and S. J. Marrink and H. J. C.
Berendsen
Efficient Algorithms for Langevin and DPD Dynamics
J. Chem. Theory Comput. 8 (2012) pp. 3637--3649
-------- -------- --- Thank You --- -------- --------

There are: 3019 Atoms

Atom distribution over 1 domains: av 3019 stddev 0 min 3019 max 3019

Constraining the starting coordinates (step 0)

Constraining the coordinates at t0-dt (step 0)
Center of mass motion removal mode is Linear
We have the following groups for center of mass motion removal:
  0:  rest
RMS relative constraint deviation after constraining: 2.29e-06
Initial temperature: 317.596 K

Started mdrun on rank 0 Wed Oct 18 07:27:48 2023

           Step           Time
              0        0.00000

   Energies (kJ/mol)
           Bond          Angle    Proper Dih. Per. Imp. Dih.          LJ-14
    1.21061e+01    1.25553e+02    1.05576e+01    2.35538e-01    2.56689e+01
     Coulomb-14        LJ (SR)   Coulomb (SR)   Coul. recip.      Potential
   -9.93002e+01    7.51893e+03   -5.16232e+04    1.68219e+02   -4.38612e+04
    Kinetic En.   Total Energy    Temperature Pressure (bar)    dVremain/dl
    7.95128e+03   -3.59099e+04    3.16453e+02    3.50538e+02   -6.10065e+01
   Constr. rmsd
    4.33822e-06

           Step           Time
           1000        2.00000

   Energies (kJ/mol)
           Bond          Angle    Proper Dih. Per. Imp. Dih.          LJ-14
    1.58494e+01    1.31783e+02    2.13398e+01    6.83792e-01    2.51781e+01
     Coulomb-14        LJ (SR)   Coulomb (SR)   Coul. recip.      Potential
   -9.26367e+01    7.81250e+03   -5.17897e+04    1.78004e+02   -4.36970e+04
    Kinetic En.   Total Energy    Temperature Pressure (bar)    dVremain/dl
    7.55108e+03   -3.61460e+04    3.00525e+02    7.49435e+02    2.08098e+02
   Constr. rmsd
    2.04149e-06

           Step           Time
           2000        4.00000

   Energies (kJ/mol)
           Bond          Angle    Proper Dih. Per. Imp. Dih.          LJ-14
    1.43150e+01    1.33029e+02    8.72693e+00    6.05054e-02    2.33866e+01
     Coulomb-14        LJ (SR)   Coulomb (SR)   Coul. recip.      Potential
   -9.86633e+01    7.52957e+03   -5.15603e+04    1.85132e+02   -4.37647e+04
    Kinetic En.   Total Energy    Temperature Pressure (bar)    dVremain/dl
    7.72444e+03   -3.60403e+04    3.07424e+02    1.72525e+02    6.89711e+01
   Constr. rmsd
    7.88045e-07

           Step           Time
           3000        6.00000

   Energies (kJ/mol)
           Bond          Angle    Proper Dih. Per. Imp. Dih.          LJ-14
    1.42895e+01    1.26067e+02    1.95553e+01    4.20021e-01    2.67052e+01
     Coulomb-14        LJ (SR)   Coulomb (SR)   Coul. recip.      Potential
   -9.80935e+01    7.55963e+03   -5.12211e+04    1.94575e+02   -4.33780e+04
    Kinetic En.   Total Energy    Temperature Pressure (bar)    dVremain/dl
    7.58085e+03   -3.57971e+04    3.01710e+02    7.08559e+02    5.52552e+00
   Constr. rmsd
    7.53474e-07

           Step           Time
           4000        8.00000

   Energies (kJ/mol)
           Bond          Angle    Proper Dih. Per. Imp. Dih.          LJ-14
    1.05682e+01    1.31048e+02    1.40153e+01    3.06198e-01    2.96945e+01
     Coulomb-14        LJ (SR)   Coulomb (SR)   Coul. recip.      Potential
   -9.62065e+01    7.10425e+03   -5.09191e+04    1.79449e+02   -4.35460e+04
    Kinetic En.   Total Energy    Temperature Pressure (bar)    dVremain/dl
    7.64864e+03   -3.58973e+04    3.04408e+02   -2.94675e+02    1.12404e+02
   Constr. rmsd
    1.25807e-06

           Step           Time
           5000       10.00000

   Energies (kJ/mol)
           Bond          Angle    Proper Dih. Per. Imp. Dih.          LJ-14
    1.18611e+01    1.15619e+02    8.04764e+00    1.44434e-01    2.71162e+01
     Coulomb-14        LJ (SR)   Coulomb (SR)   Coul. recip.      Potential
   -9.95874e+01    7.16162e+03   -5.11624e+04    1.76101e+02   -4.37615e+04
    Kinetic En.   Total Energy    Temperature Pressure (bar)    dVremain/dl
    7.37978e+03   -3.63817e+04    2.93707e+02   -2.43907e+02    9.84805e+01
   Constr. rmsd
    1.67933e-06

           Step           Time
           6000       12.00000

   Energies (kJ/mol)
           Bond          Angle    Proper Dih. Per. Imp. Dih.          LJ-14
    6.90317e+00    1.22138e+02    1.08966e+01    3.09424e-01    2.42291e+01
     Coulomb-14        LJ (SR)   Coulomb (SR)   Coul. recip.      Potential
   -9.80003e+01    7.70927e+03   -5.20078e+04    1.55076e+02   -4.40769e+04
    Kinetic En.   Total Energy    Temperature Pressure (bar)    dVremain/dl
    7.66993e+03   -3.64070e+04    3.05255e+02    2.94328e+02    1.38804e+02
   Constr. rmsd
    6.57815e-07

           Step           Time
           7000       14.00000

   Energies (kJ/mol)
           Bond          Angle    Proper Dih. Per. Imp. Dih.          LJ-14
    6.44033e+00    1.16947e+02    8.01163e+00    1.57738e-01    3.09530e+01
     Coulomb-14        LJ (SR)   Coulomb (SR)   Coul. recip.      Potential
   -1.01222e+02    7.33178e+03   -5.12403e+04    1.86802e+02   -4.36604e+04
    Kinetic En.   Total Energy    Temperature Pressure (bar)    dVremain/dl
    7.41136e+03   -3.62490e+04    2.94964e+02   -1.15271e+02    3.08887e+01
   Constr. rmsd
    1.35985e-06

           Step           Time
           8000       16.00000

   Energies (kJ/mol)
           Bond          Angle    Proper Dih. Per. Imp. Dih.          LJ-14
    1.92213e+01    1.14873e+02    1.52144e+01    1.00401e-01    2.35837e+01
     Coulomb-14        LJ (SR)   Coulomb (SR)   Coul. recip.      Potential
   -9.61530e+01    7.42253e+03   -5.16012e+04    1.84848e+02   -4.39170e+04
    Kinetic En.   Total Energy    Temperature Pressure (bar)    dVremain/dl
    7.54391e+03   -3.63731e+04    3.00240e+02   -4.08572e+02    2.64602e+01
   Constr. rmsd
    7.77606e-07

           Step           Time
           9000       18.00000

   Energies (kJ/mol)
           Bond          Angle    Proper Dih. Per. Imp. Dih.          LJ-14
    1.49595e+01    1.23424e+02    8.03879e+00    2.06269e-01    2.61246e+01
     Coulomb-14        LJ (SR)   Coulomb (SR)   Coul. recip.      Potential
   -9.67356e+01    7.80391e+03   -5.19382e+04    1.70977e+02   -4.38873e+04
    Kinetic En.   Total Energy    Temperature Pressure (bar)    dVremain/dl
    7.43588e+03   -3.64515e+04    2.95940e+02    4.28993e+02    2.97052e+02
   Constr. rmsd
    9.74495e-07

           Step           Time
          10000       20.00000

   Energies (kJ/mol)
           Bond          Angle    Proper Dih. Per. Imp. Dih.          LJ-14
    8.60612e+00    1.26741e+02    1.05104e+01    2.62984e-01    3.03364e+01
     Coulomb-14        LJ (SR)   Coulomb (SR)   Coul. recip.      Potential
   -1.01792e+02    7.37255e+03   -5.14556e+04    1.84616e+02   -4.38237e+04
    Kinetic En.   Total Energy    Temperature Pressure (bar)    dVremain/dl
    7.78562e+03   -3.60381e+04    3.09859e+02   -1.32208e+02    1.42381e+02
   Constr. rmsd
    8.75194e-07

           Step           Time
          11000       22.00000

   Energies (kJ/mol)
           Bond          Angle    Proper Dih. Per. Imp. Dih.          LJ-14
    1.41110e+01    1.22332e+02    8.16667e+00    1.83378e-01    2.68038e+01
     Coulomb-14        LJ (SR)   Coulomb (SR)   Coul. recip.      Potential
   -1.00206e+02    7.65639e+03   -5.17575e+04    1.66459e+02   -4.38632e+04
    Kinetic En.   Total Energy    Temperature Pressure (bar)    dVremain/dl
    7.61664e+03   -3.62466e+04    3.03134e+02    3.19504e+02    8.40476e+01
   Constr. rmsd
    1.80751e-06

           Step           Time
          12000       24.00000

   Energies (kJ/mol)
           Bond          Angle    Proper Dih. Per. Imp. Dih.          LJ-14
    1.64194e+01    1.22062e+02    2.23693e+01    6.25908e-02    2.73654e+01
     Coulomb-14        LJ (SR)   Coulomb (SR)   Coul. recip.      Potential
   -9.96776e+01    7.38713e+03   -5.16733e+04    1.69505e+02   -4.40281e+04
    Kinetic En.   Total Energy    Temperature Pressure (bar)    dVremain/dl
    7.73548e+03   -3.62926e+04    3.07864e+02   -3.25587e+02    2.92508e+01
   Constr. rmsd
    2.09873e-06

           Step           Time
          13000       26.00000

   Energies (kJ/mol)
           Bond          Angle    Proper Dih. Per. Imp. Dih.          LJ-14
    5.46931e+00    1.28521e+02    1.43707e+01    1.49771e-01    2.69526e+01
     Coulomb-14        LJ (SR)   Coulomb (SR)   Coul. recip.      Potential
   -9.19959e+01    7.27627e+03   -5.12973e+04    1.63078e+02   -4.37745e+04
    Kinetic En.   Total Energy    Temperature Pressure (bar)    dVremain/dl
    7.56077e+03   -3.62137e+04    3.00911e+02   -2.38149e+02    1.87809e+02
   Constr. rmsd
    2.11894e-06

           Step           Time
          14000       28.00000

   Energies (kJ/mol)
           Bond          Angle    Proper Dih. Per. Imp. Dih.          LJ-14
    9.66212e+00    1.29871e+02    1.13098e+01    7.56793e-02    3.12085e+01
     Coulomb-14        LJ (SR)   Coulomb (SR)   Coul. recip.      Potential
   -9.83023e+01    7.45197e+03   -5.15528e+04    1.78647e+02   -4.38384e+04
    Kinetic En.   Total Energy    Temperature Pressure (bar)    dVremain/dl
    7.47573e+03   -3.63626e+04    2.97526e+02   -4.21402e+01    6.14715e+01
   Constr. rmsd
    1.99831e-06

           Step           Time
          15000       30.00000

   Energies (kJ/mol)
           Bond          Angle    Proper Dih. Per. Imp. Dih.          LJ-14
    1.19563e+01    1.11387e+02    5.44789e+00    1.44611e-01    2.54916e+01
     Coulomb-14        LJ (SR)   Coulomb (SR)   Coul. recip.      Potential
   -9.74487e+01    7.24929e+03   -5.11823e+04    1.81706e+02   -4.36943e+04
    Kinetic En.   Total Energy    Temperature Pressure (bar)    dVremain/dl
    7.40260e+03   -3.62917e+04    2.94616e+02   -5.28855e+02    5.44724e+01
   Constr. rmsd
    1.66029e-06

           Step           Time
          16000       32.00000

   Energies (kJ/mol)
           Bond          Angle    Proper Dih. Per. Imp. Dih.          LJ-14
    1.09992e+01    1.14561e+02    7.83534e+00    5.12797e-02    2.52481e+01
     Coulomb-14        LJ (SR)   Coulomb (SR)   Coul. recip.      Potential
   -1.02141e+02    7.47419e+03   -5.14129e+04    1.73160e+02   -4.37090e+04
    Kinetic En.   Total Energy    Temperature Pressure (bar)    dVremain/dl
    7.51880e+03   -3.61901e+04    2.99240e+02   -2.50962e+02    5.26591e+01
   Constr. rmsd
    9.59616e-07

           Step           Time
          17000       34.00000

   Energies (kJ/mol)
           Bond          Angle    Proper Dih. Per. Imp. Dih.          LJ-14
    5.06253e+00    1.27288e+02    1.03909e+01    1.57987e-01    2.89772e+01
     Coulomb-14        LJ (SR)   Coulomb (SR)   Coul. recip.      Potential
   -1.00324e+02    7.55367e+03   -5.15461e+04    1.80323e+02   -4.37406e+04
    Kinetic En.   Total Energy    Temperature Pressure (bar)    dVremain/dl
    7.57875e+03   -3.61618e+04    3.01626e+02    4.00187e+01    2.85513e+02
   Constr. rmsd
    3.47506e-06

           Step           Time
          18000       36.00000

   Energies (kJ/mol)
           Bond          Angle    Proper Dih. Per. Imp. Dih.          LJ-14
    9.44253e+00    1.24701e+02    1.59836e+01    2.20139e-01    3.15815e+01
     Coulomb-14        LJ (SR)   Coulomb (SR)   Coul. recip.      Potential
   -9.75962e+01    7.21975e+03   -5.09741e+04    1.92871e+02   -4.34772e+04
    Kinetic En.   Total Energy    Temperature Pressure (bar)    dVremain/dl
    7.33054e+03   -3.61466e+04    2.91747e+02   -3.74362e+02    6.77834e+01
   Constr. rmsd
    8.07895e-06

           Step           Time
          19000       38.00000

   Energies (kJ/mol)
           Bond          Angle    Proper Dih. Per. Imp. Dih.          LJ-14
    1.30448e+01    1.17762e+02    1.43412e+01    2.60355e-01    2.35256e+01
     Coulomb-14        LJ (SR)   Coulomb (SR)   Coul. recip.      Potential
   -9.65856e+01    8.02434e+03   -5.19900e+04    1.87946e+02   -4.37054e+04
    Kinetic En.   Total Energy    Temperature Pressure (bar)    dVremain/dl
    7.43151e+03   -3.62739e+04    2.95766e+02    8.24990e+02    7.70059e+01
   Constr. rmsd
    1.29124e-06

           Step           Time
          20000       40.00000

   Energies (kJ/mol)
           Bond          Angle    Proper Dih. Per. Imp. Dih.          LJ-14
    7.61669e+00    1.20951e+02    1.05072e+01    2.38691e-01    2.89056e+01
     Coulomb-14        LJ (SR)   Coulomb (SR)   Coul. recip.      Potential
   -9.71145e+01    7.82334e+03   -5.20523e+04    1.61843e+02   -4.39960e+04
    Kinetic En.   Total Energy    Temperature Pressure (bar)    dVremain/dl
    7.54770e+03   -3.64483e+04    3.00390e+02    5.30006e+02    9.46351e+01
   Constr. rmsd
    1.34197e-06

           Step           Time
          21000       42.00000

   Energies (kJ/mol)
           Bond          Angle    Proper Dih. Per. Imp. Dih.          LJ-14
    1.19296e+01    1.29311e+02    1.45892e+01    2.18249e-01    3.07312e+01
     Coulomb-14        LJ (SR)   Coulomb (SR)   Coul. recip.      Potential
   -1.01216e+02    7.58199e+03   -5.15811e+04    1.91813e+02   -4.37218e+04
    Kinetic En.   Total Energy    Temperature Pressure (bar)    dVremain/dl
    7.56423e+03   -3.61575e+04    3.01048e+02    2.56047e+02    1.37442e+02
   Constr. rmsd
    2.06966e-06

           Step           Time
          22000       44.00000

   Energies (kJ/mol)
           Bond          Angle    Proper Dih. Per. Imp. Dih.          LJ-14
    1.97187e+01    1.28969e+02    1.08427e+01    2.73822e-01    1.96659e+01
     Coulomb-14        LJ (SR)   Coulomb (SR)   Coul. recip.      Potential
   -9.97450e+01    7.32985e+03   -5.13122e+04    1.74587e+02   -4.37280e+04
    Kinetic En.   Total Energy    Temperature Pressure (bar)    dVremain/dl
    7.56417e+03   -3.61638e+04    3.01046e+02   -1.49535e+02   -2.60126e+01
   Constr. rmsd
    4.75031e-06

           Step           Time
          23000       46.00000

   Energies (kJ/mol)
           Bond          Angle    Proper Dih. Per. Imp. Dih.          LJ-14
    5.49279e+00    1.30323e+02    1.09529e+01    7.72378e-02    2.60419e+01
     Coulomb-14        LJ (SR)   Coulomb (SR)   Coul. recip.      Potential
   -9.64051e+01    7.60018e+03   -5.19669e+04    1.75768e+02   -4.41145e+04
    Kinetic En.   Total Energy    Temperature Pressure (bar)    dVremain/dl
    7.69279e+03   -3.64217e+04    3.06165e+02    1.79586e+02    1.32875e+02
   Constr. rmsd
    3.09824e-06

           Step           Time
          24000       48.00000

   Energies (kJ/mol)
           Bond          Angle    Proper Dih. Per. Imp. Dih.          LJ-14
    1.17378e+01    1.30457e+02    1.18735e+01    2.20164e-01    3.01896e+01
     Coulomb-14        LJ (SR)   Coulomb (SR)   Coul. recip.      Potential
   -1.01083e+02    7.22972e+03   -5.13301e+04    1.71604e+02   -4.38454e+04
    Kinetic En.   Total Energy    Temperature Pressure (bar)    dVremain/dl
    7.53262e+03   -3.63128e+04    2.99790e+02   -2.41140e+02    2.35016e+01
   Constr. rmsd
    1.43250e-06

           Step           Time
          25000       50.00000

   Energies (kJ/mol)
           Bond          Angle    Proper Dih. Per. Imp. Dih.          LJ-14
    7.05545e+00    1.19981e+02    1.53402e+01    4.34148e-01    2.47978e+01
     Coulomb-14        LJ (SR)   Coulomb (SR)   Coul. recip.      Potential
   -9.64595e+01    7.39840e+03   -5.18039e+04    1.70609e+02   -4.41637e+04
    Kinetic En.   Total Energy    Temperature Pressure (bar)    dVremain/dl
    7.68923e+03   -3.64745e+04    3.06023e+02   -3.69826e+02    1.41659e+02
   Constr. rmsd
    4.89593e-06

           Step           Time
          26000       52.00000

   Energies (kJ/mol)
           Bond          Angle    Proper Dih. Per. Imp. Dih.          LJ-14
    1.00472e+01    1.31885e+02    9.34612e+00    2.49248e-01    2.98033e+01
     Coulomb-14        LJ (SR)   Coulomb (SR)   Coul. recip.      Potential
   -9.79899e+01    7.97016e+03   -5.22536e+04    1.80668e+02   -4.40194e+04
    Kinetic En.   Total Energy    Temperature Pressure (bar)    dVremain/dl
    7.67670e+03   -3.63427e+04    3.05524e+02    7.96230e+02    2.24842e+02
   Constr. rmsd
    2.57917e-06

           Step           Time
          27000       54.00000

   Energies (kJ/mol)
           Bond          Angle    Proper Dih. Per. Imp. Dih.          LJ-14
    1.83592e+01    1.21880e+02    1.68627e+01    2.15898e-01    2.46712e+01
     Coulomb-14        LJ (SR)   Coulomb (SR)   Coul. recip.      Potential
   -9.49632e+01    7.65008e+03   -5.20342e+04    1.63541e+02   -4.41335e+04
    Kinetic En.   Total Energy    Temperature Pressure (bar)    dVremain/dl
    7.50424e+03   -3.66293e+04    2.98661e+02    8.23924e+01    1.30131e+02
   Constr. rmsd
    8.50698e-07

           Step           Time
          28000       56.00000

   Energies (kJ/mol)
           Bond          Angle    Proper Dih. Per. Imp. Dih.          LJ-14
    7.95427e+00    1.26890e+02    9.75468e+00    1.79893e-01    2.71724e+01
     Coulomb-14        LJ (SR)   Coulomb (SR)   Coul. recip.      Potential
   -9.72073e+01    7.43159e+03   -5.15438e+04    1.69074e+02   -4.38684e+04
    Kinetic En.   Total Energy    Temperature Pressure (bar)    dVremain/dl
    7.66397e+03   -3.62044e+04    3.05018e+02    3.98033e+01    1.97961e+02
   Constr. rmsd
    2.03766e-06

           Step           Time
          29000       58.00000

   Energies (kJ/mol)
           Bond          Angle    Proper Dih. Per. Imp. Dih.          LJ-14
    2.95776e+00    1.36841e+02    1.90340e+01    3.06575e-01    2.50660e+01
     Coulomb-14        LJ (SR)   Coulomb (SR)   Coul. recip.      Potential
   -9.12568e+01    7.97384e+03   -5.19595e+04    1.78802e+02   -4.37140e+04
    Kinetic En.   Total Energy    Temperature Pressure (bar)    dVremain/dl
    7.58038e+03   -3.61336e+04    3.01691e+02    1.01151e+03    2.87456e+01
   Constr. rmsd
    2.19908e-06

           Step           Time
          30000       60.00000

   Energies (kJ/mol)
           Bond          Angle    Proper Dih. Per. Imp. Dih.          LJ-14
    1.31658e+01    1.15680e+02    1.25907e+01    2.08485e-01    2.81386e+01
     Coulomb-14        LJ (SR)   Coulomb (SR)   Coul. recip.      Potential
   -1.02322e+02    7.54183e+03   -5.18515e+04    1.68193e+02   -4.40740e+04
    Kinetic En.   Total Energy    Temperature Pressure (bar)    dVremain/dl
    7.73254e+03   -3.63414e+04    3.07747e+02   -7.32792e+01    1.21950e+02
   Constr. rmsd
    2.93010e-06

           Step           Time
          31000       62.00000

   Energies (kJ/mol)
           Bond          Angle    Proper Dih. Per. Imp. Dih.          LJ-14
    8.49389e+00    1.28553e+02    1.02773e+01    2.84153e-01    2.34703e+01
     Coulomb-14        LJ (SR)   Coulomb (SR)   Coul. recip.      Potential
   -9.67722e+01    7.28114e+03   -5.12670e+04    1.69577e+02   -4.37420e+04
    Kinetic En.   Total Energy    Temperature Pressure (bar)    dVremain/dl
    7.52183e+03   -3.62202e+04    2.99361e+02   -2.41643e+02    7.27529e+01
   Constr. rmsd
    1.52546e-06

           Step           Time
          32000       64.00000

   Energies (kJ/mol)
           Bond          Angle    Proper Dih. Per. Imp. Dih.          LJ-14
    1.00539e+01    1.29004e+02    1.35674e+01    8.46289e-02    2.89225e+01
     Coulomb-14        LJ (SR)   Coulomb (SR)   Coul. recip.      Potential
   -9.92475e+01    7.59309e+03   -5.18249e+04    1.72007e+02   -4.39774e+04
    Kinetic En.   Total Energy    Temperature Pressure (bar)    dVremain/dl
    7.51444e+03   -3.64630e+04    2.99067e+02   -3.59618e+01    1.39843e+02
   Constr. rmsd
    5.47980e-06

           Step           Time
          33000       66.00000

   Energies (kJ/mol)
           Bond          Angle    Proper Dih. Per. Imp. Dih.          LJ-14
    4.80040e+00    1.19691e+02    1.51946e+01    3.48043e-01    2.68126e+01
     Coulomb-14        LJ (SR)   Coulomb (SR)   Coul. recip.      Potential
   -9.73478e+01    7.66215e+03   -5.16612e+04    1.74659e+02   -4.37549e+04
    Kinetic En.   Total Energy    Temperature Pressure (bar)    dVremain/dl
    7.62736e+03   -3.61275e+04    3.03561e+02    2.73259e+02    3.18150e+01
   Constr. rmsd
    1.46862e-06

           Step           Time
          34000       68.00000

   Energies (kJ/mol)
           Bond          Angle    Proper Dih. Per. Imp. Dih.          LJ-14
    7.08789e+00    1.16572e+02    1.27297e+01    1.51736e-01    2.76762e+01
     Coulomb-14        LJ (SR)   Coulomb (SR)   Coul. recip.      Potential
   -1.00353e+02    7.73029e+03   -5.17198e+04    1.72995e+02   -4.37527e+04
    Kinetic En.   Total Energy    Temperature Pressure (bar)    dVremain/dl
    7.65328e+03   -3.60994e+04    3.04592e+02    4.40720e+02    6.40068e+01
   Constr. rmsd
    1.30247e-06

           Step           Time
          35000       70.00000

   Energies (kJ/mol)
           Bond          Angle    Proper Dih. Per. Imp. Dih.          LJ-14
    1.44809e+01    1.15737e+02    7.85450e+00    7.34870e-02    2.56102e+01
     Coulomb-14        LJ (SR)   Coulomb (SR)   Coul. recip.      Potential
   -1.00726e+02    7.61372e+03   -5.17261e+04    1.78855e+02   -4.38705e+04
    Kinetic En.   Total Energy    Temperature Pressure (bar)    dVremain/dl
    7.70604e+03   -3.61645e+04    3.06692e+02   -1.14197e+02    1.33853e+01
   Constr. rmsd
    3.95444e-06

           Step           Time
          36000       72.00000

   Energies (kJ/mol)
           Bond          Angle    Proper Dih. Per. Imp. Dih.          LJ-14
    1.21287e+01    1.31530e+02    1.34379e+01    1.75028e-01    2.44616e+01
     Coulomb-14        LJ (SR)   Coulomb (SR)   Coul. recip.      Potential
   -9.49122e+01    7.45265e+03   -5.15953e+04    1.74447e+02   -4.38813e+04
    Kinetic En.   Total Energy    Temperature Pressure (bar)    dVremain/dl
    7.49580e+03   -3.63855e+04    2.98325e+02   -3.00880e+02    2.50109e+02
   Constr. rmsd
    5.65773e-07

           Step           Time
          37000       74.00000

   Energies (kJ/mol)
           Bond          Angle    Proper Dih. Per. Imp. Dih.          LJ-14
    1.50695e+01    1.27809e+02    7.33120e+00    1.93253e-01    2.67681e+01
     Coulomb-14        LJ (SR)   Coulomb (SR)   Coul. recip.      Potential
   -9.60479e+01    7.88402e+03   -5.21998e+04    1.69067e+02   -4.40656e+04
    Kinetic En.   Total Energy    Temperature Pressure (bar)    dVremain/dl
    7.63678e+03   -3.64288e+04    3.03936e+02    4.65424e+02    8.41575e+01
   Constr. rmsd
    6.65333e-07

           Step           Time
          38000       76.00000

   Energies (kJ/mol)
           Bond          Angle    Proper Dih. Per. Imp. Dih.          LJ-14
    2.33226e+01    1.38507e+02    1.41426e+01    1.32938e-01    1.84165e+01
     Coulomb-14        LJ (SR)   Coulomb (SR)   Coul. recip.      Potential
   -9.51141e+01    7.15240e+03   -5.12829e+04    1.70785e+02   -4.38603e+04
    Kinetic En.   Total Energy    Temperature Pressure (bar)    dVremain/dl
    7.47867e+03   -3.63816e+04    2.97643e+02   -8.20004e+02    1.33615e+02
   Constr. rmsd
    1.92016e-06

           Step           Time
          39000       78.00000

   Energies (kJ/mol)
           Bond          Angle    Proper Dih. Per. Imp. Dih.          LJ-14
    1.50814e+01    1.19379e+02    2.00443e+01    1.48649e-01    2.62934e+01
     Coulomb-14        LJ (SR)   Coulomb (SR)   Coul. recip.      Potential
   -9.73414e+01    7.55596e+03   -5.16939e+04    1.84220e+02   -4.38702e+04
    Kinetic En.   Total Energy    Temperature Pressure (bar)    dVremain/dl
    7.82161e+03   -3.60485e+04    3.11292e+02    3.89338e+02   -4.77095e+00
   Constr. rmsd
    2.36804e-06

           Step           Time
          40000       80.00000

   Energies (kJ/mol)
           Bond          Angle    Proper Dih. Per. Imp. Dih.          LJ-14
    1.71671e+01    1.15907e+02    7.62879e+00    1.07344e-01    2.28051e+01
     Coulomb-14        LJ (SR)   Coulomb (SR)   Coul. recip.      Potential
   -9.66644e+01    7.37075e+03   -5.12369e+04    2.03007e+02   -4.35962e+04
    Kinetic En.   Total Energy    Temperature Pressure (bar)    dVremain/dl
    7.61833e+03   -3.59778e+04    3.03201e+02   -6.26405e+01    1.05604e+02
   Constr. rmsd
    1.01345e-06

           Step           Time
          41000       82.00000

   Energies (kJ/mol)
           Bond          Angle    Proper Dih. Per. Imp. Dih.          LJ-14
    1.25368e+01    1.24699e+02    1.53719e+01    2.16641e-01    2.34147e+01
     Coulomb-14        LJ (SR)   Coulomb (SR)   Coul. recip.      Potential
   -9.56958e+01    7.49771e+03   -5.16754e+04    1.84944e+02   -4.39122e+04
    Kinetic En.   Total Energy    Temperature Pressure (bar)    dVremain/dl
    7.82269e+03   -3.60895e+04    3.11335e+02   -3.14863e+01    1.39031e+02
   Constr. rmsd
    9.46382e-07

           Step           Time
          42000       84.00000

   Energies (kJ/mol)
           Bond          Angle    Proper Dih. Per. Imp. Dih.          LJ-14
    1.25786e+01    1.31029e+02    1.51436e+01    3.62696e-01    3.44815e+01
     Coulomb-14        LJ (SR)   Coulomb (SR)   Coul. recip.      Potential
   -9.75240e+01    7.46195e+03   -5.16237e+04    1.65456e+02   -4.39003e+04
    Kinetic En.   Total Energy    Temperature Pressure (bar)    dVremain/dl
    7.46048e+03   -3.64398e+04    2.96919e+02    1.86839e+01   -7.59225e+00
   Constr. rmsd
    7.67952e-07

           Step           Time
          43000       86.00000

   Energies (kJ/mol)
           Bond          Angle    Proper Dih. Per. Imp. Dih.          LJ-14
    1.24436e+01    1.29890e+02    2.05351e+01    1.64522e-01    2.70226e+01
     Coulomb-14        LJ (SR)   Coulomb (SR)   Coul. recip.      Potential
   -1.00318e+02    7.02275e+03   -5.10875e+04    1.70112e+02   -4.38049e+04
    Kinetic En.   Total Energy    Temperature Pressure (bar)    dVremain/dl
    7.53309e+03   -3.62718e+04    2.99809e+02   -7.31758e+02    1.85125e+02
   Constr. rmsd
    3.51526e-06

           Step           Time
          44000       88.00000

   Energies (kJ/mol)
           Bond          Angle    Proper Dih. Per. Imp. Dih.          LJ-14
    1.04483e+01    1.38640e+02    1.43319e+01    4.70742e-01    2.78639e+01
     Coulomb-14        LJ (SR)   Coulomb (SR)   Coul. recip.      Potential
   -9.39114e+01    7.68991e+03   -5.15155e+04    1.75534e+02   -4.35522e+04
    Kinetic En.   Total Energy    Temperature Pressure (bar)    dVremain/dl
    7.53412e+03   -3.60181e+04    2.99850e+02    2.94367e+02    9.05510e+01
   Constr. rmsd
    2.27928e-06

           Step           Time
          45000       90.00000

   Energies (kJ/mol)
           Bond          Angle    Proper Dih. Per. Imp. Dih.          LJ-14
    7.92196e+00    1.26790e+02    1.66298e+01    3.01860e-01    3.30520e+01
     Coulomb-14        LJ (SR)   Coulomb (SR)   Coul. recip.      Potential
   -9.92547e+01    7.27720e+03   -5.11622e+04    1.84041e+02   -4.36155e+04
    Kinetic En.   Total Energy    Temperature Pressure (bar)    dVremain/dl
    7.51541e+03   -3.61001e+04    2.99105e+02   -5.23741e+02    9.81414e+01
   Constr. rmsd
    3.55850e-06

           Step           Time
          46000       92.00000

   Energies (kJ/mol)
           Bond          Angle    Proper Dih. Per. Imp. Dih.          LJ-14
    3.84662e+00    1.24295e+02    1.16131e+01    4.79439e-02    2.66215e+01
     Coulomb-14        LJ (SR)   Coulomb (SR)   Coul. recip.      Potential
   -9.69342e+01    7.31329e+03   -5.13366e+04    1.86959e+02   -4.37669e+04
    Kinetic En.   Total Energy    Temperature Pressure (bar)    dVremain/dl
    7.47979e+03   -3.62871e+04    2.97688e+02   -5.82409e+02    5.09802e+01
   Constr. rmsd
    1.50942e-06

           Step           Time
          47000       94.00000

   Energies (kJ/mol)
           Bond          Angle    Proper Dih. Per. Imp. Dih.          LJ-14
    1.37573e+01    1.30935e+02    1.17006e+01    2.19583e-01    3.09037e+01
     Coulomb-14        LJ (SR)   Coulomb (SR)   Coul. recip.      Potential
   -1.00164e+02    7.24379e+03   -5.10750e+04    1.62400e+02   -4.35814e+04
    Kinetic En.   Total Energy    Temperature Pressure (bar)    dVremain/dl
    7.61489e+03   -3.59666e+04    3.03064e+02   -2.10505e+02    2.11348e+02
   Constr. rmsd
    7.73254e-07

           Step           Time
          48000       96.00000

   Energies (kJ/mol)
           Bond          Angle    Proper Dih. Per. Imp. Dih.          LJ-14
    1.23275e+01    1.19688e+02    5.56230e+00    1.23677e-01    2.80637e+01
     Coulomb-14        LJ (SR)   Coulomb (SR)   Coul. recip.      Potential
   -9.88653e+01    7.10963e+03   -5.06508e+04    1.67726e+02   -4.33065e+04
    Kinetic En.   Total Energy    Temperature Pressure (bar)    dVremain/dl
    7.81329e+03   -3.54932e+04    3.10961e+02   -5.06044e+02    1.24048e+02
   Constr. rmsd
    7.11770e-07

           Step           Time
          49000       98.00000

   Energies (kJ/mol)
           Bond          Angle    Proper Dih. Per. Imp. Dih.          LJ-14
    1.11457e+01    1.26435e+02    7.05200e+00    6.86467e-02    2.66677e+01
     Coulomb-14        LJ (SR)   Coulomb (SR)   Coul. recip.      Potential
   -1.00408e+02    7.13653e+03   -5.08083e+04    1.70107e+02   -4.34307e+04
    Kinetic En.   Total Energy    Temperature Pressure (bar)    dVremain/dl
    7.46526e+03   -3.59655e+04    2.97109e+02   -5.12760e+02    1.54037e+02
   Constr. rmsd
    1.06657e-06

           Step           Time
          50000      100.00000

   Energies (kJ/mol)
           Bond          Angle    Proper Dih. Per. Imp. Dih.          LJ-14
    6.61105e+00    1.30108e+02    1.99433e+01    2.60013e-01    2.73581e+01
     Coulomb-14        LJ (SR)   Coulomb (SR)   Coul. recip.      Potential
   -9.60765e+01    7.38289e+03   -5.12026e+04    1.78882e+02   -4.35526e+04
    Kinetic En.   Total Energy    Temperature Pressure (bar)    dVremain/dl
    7.54566e+03   -3.60069e+04    3.00309e+02   -2.24950e+02    7.16099e+01
   Constr. rmsd
    6.95870e-07

           Step           Time
          51000      102.00000

   Energies (kJ/mol)
           Bond          Angle    Proper Dih. Per. Imp. Dih.          LJ-14
    6.67630e+00    1.15871e+02    1.18559e+01    2.81247e-01    3.20918e+01
     Coulomb-14        LJ (SR)   Coulomb (SR)   Coul. recip.      Potential
   -9.86805e+01    7.61735e+03   -5.18980e+04    2.09854e+02   -4.40027e+04
    Kinetic En.   Total Energy    Temperature Pressure (bar)    dVremain/dl
    7.45508e+03   -3.65476e+04    2.96704e+02    2.31742e+01   -2.55990e+01
   Constr. rmsd
    1.67933e-06

           Step           Time
          52000      104.00000

   Energies (kJ/mol)
           Bond          Angle    Proper Dih. Per. Imp. Dih.          LJ-14
    3.05282e+01    1.08771e+02    1.43726e+01    1.25133e-01    2.11413e+01
     Coulomb-14        LJ (SR)   Coulomb (SR)   Coul. recip.      Potential
   -1.01263e+02    7.31339e+03   -5.14252e+04    1.88183e+02   -4.38499e+04
    Kinetic En.   Total Energy    Temperature Pressure (bar)    dVremain/dl
    7.52825e+03   -3.63217e+04    2.99616e+02   -6.51693e+02    4.78238e+01
   Constr. rmsd
    2.09313e-06

           Step           Time
          53000      106.00000

   Energies (kJ/mol)
           Bond          Angle    Proper Dih. Per. Imp. Dih.          LJ-14
    1.14728e+01    1.22360e+02    1.08586e+01    2.69463e-01    3.15367e+01
     Coulomb-14        LJ (SR)   Coulomb (SR)   Coul. recip.      Potential
   -9.45499e+01    7.89403e+03   -5.19820e+04    1.61614e+02   -4.38444e+04
    Kinetic En.   Total Energy    Temperature Pressure (bar)    dVremain/dl
    7.54466e+03   -3.62998e+04    3.00270e+02    7.03924e+02   -4.08542e+00
   Constr. rmsd
    3.17990e-06

           Step           Time
          54000      108.00000

   Energies (kJ/mol)
           Bond          Angle    Proper Dih. Per. Imp. Dih.          LJ-14
    5.86561e+00    1.17335e+02    4.89365e+00    1.15964e-01    3.08155e+01
     Coulomb-14        LJ (SR)   Coulomb (SR)   Coul. recip.      Potential
   -9.92765e+01    7.46520e+03   -5.17963e+04    1.83910e+02   -4.40874e+04
    Kinetic En.   Total Energy    Temperature Pressure (bar)    dVremain/dl
    7.88659e+03   -3.62008e+04    3.13878e+02   -7.88602e+01    1.73845e+02
   Constr. rmsd
    1.65418e-06

           Step           Time
          55000      110.00000

   Energies (kJ/mol)
           Bond          Angle    Proper Dih. Per. Imp. Dih.          LJ-14
    9.80379e+00    1.17437e+02    1.51567e+01    1.18713e-01    2.41728e+01
     Coulomb-14        LJ (SR)   Coulomb (SR)   Coul. recip.      Potential
   -9.48929e+01    7.66276e+03   -5.14273e+04    1.65167e+02   -4.35276e+04
    Kinetic En.   Total Energy    Temperature Pressure (bar)    dVremain/dl
    7.57234e+03   -3.59553e+04    3.01371e+02    4.61749e+02    2.22576e+01
   Constr. rmsd
    2.69845e-06

           Step           Time
          56000      112.00000

   Energies (kJ/mol)
           Bond          Angle    Proper Dih. Per. Imp. Dih.          LJ-14
    2.04993e+01    1.31126e+02    9.11795e+00    2.97549e-01    2.78424e+01
     Coulomb-14        LJ (SR)   Coulomb (SR)   Coul. recip.      Potential
   -9.29656e+01    7.42887e+03   -5.13626e+04    1.99428e+02   -4.36384e+04
    Kinetic En.   Total Energy    Temperature Pressure (bar)    dVremain/dl
    7.56803e+03   -3.60704e+04    3.01199e+02   -3.74288e+01    4.74401e+01
   Constr. rmsd
    1.84409e-06

           Step           Time
          57000      114.00000

   Energies (kJ/mol)
           Bond          Angle    Proper Dih. Per. Imp. Dih.          LJ-14
    1.40899e+01    1.31116e+02    1.61489e+01    3.82623e-01    3.00966e+01
     Coulomb-14        LJ (SR)   Coulomb (SR)   Coul. recip.      Potential
   -9.93533e+01    7.43979e+03   -5.14544e+04    1.60189e+02   -4.37620e+04
    Kinetic En.   Total Energy    Temperature Pressure (bar)    dVremain/dl
    7.49706e+03   -3.62649e+04    2.98375e+02   -2.88255e+02    4.82063e+00
   Constr. rmsd
    1.73049e-06

           Step           Time
          58000      116.00000

   Energies (kJ/mol)
           Bond          Angle    Proper Dih. Per. Imp. Dih.          LJ-14
    1.59007e+01    1.31226e+02    3.11575e+01    3.34560e-01    2.55005e+01
     Coulomb-14        LJ (SR)   Coulomb (SR)   Coul. recip.      Potential
   -9.99490e+01    7.51893e+03   -5.14032e+04    1.74745e+02   -4.36053e+04
    Kinetic En.   Total Energy    Temperature Pressure (bar)    dVremain/dl
    7.57284e+03   -3.60325e+04    3.01391e+02   -1.65871e+02    3.07975e+01
   Constr. rmsd
    1.28032e-06

           Step           Time
          59000      118.00000

   Energies (kJ/mol)
           Bond          Angle    Proper Dih. Per. Imp. Dih.          LJ-14
    1.13586e+01    1.21029e+02    8.14516e+00    1.04819e-01    2.33733e+01
     Coulomb-14        LJ (SR)   Coulomb (SR)   Coul. recip.      Potential
   -9.80399e+01    7.58171e+03   -5.15743e+04    1.60379e+02   -4.37663e+04
    Kinetic En.   Total Energy    Temperature Pressure (bar)    dVremain/dl
    7.43424e+03   -3.63320e+04    2.95875e+02   -2.35678e+02    1.75089e+01
   Constr. rmsd
    1.45049e-06

           Step           Time
          60000      120.00000

   Energies (kJ/mol)
           Bond          Angle    Proper Dih. Per. Imp. Dih.          LJ-14
    1.98344e+01    1.27527e+02    3.76426e+00    9.95480e-02    2.95208e+01
     Coulomb-14        LJ (SR)   Coulomb (SR)   Coul. recip.      Potential
   -1.00299e+02    7.59792e+03   -5.15091e+04    1.89487e+02   -4.36412e+04
    Kinetic En.   Total Energy    Temperature Pressure (bar)    dVremain/dl
    7.63598e+03   -3.60052e+04    3.03904e+02    4.88695e+00    5.34346e+01
   Constr. rmsd
    1.47959e-06

           Step           Time
          61000      122.00000

   Energies (kJ/mol)
           Bond          Angle    Proper Dih. Per. Imp. Dih.          LJ-14
    1.46126e+01    1.15306e+02    1.21865e+01    1.95952e-01    2.89779e+01
     Coulomb-14        LJ (SR)   Coulomb (SR)   Coul. recip.      Potential
   -9.34736e+01    6.96998e+03   -5.08271e+04    1.70297e+02   -4.36090e+04
    Kinetic En.   Total Energy    Temperature Pressure (bar)    dVremain/dl
    7.61220e+03   -3.59968e+04    3.02957e+02   -9.19779e+02    1.12408e+02
   Constr. rmsd
    2.01187e-06

           Step           Time
          62000      124.00000

   Energies (kJ/mol)
           Bond          Angle    Proper Dih. Per. Imp. Dih.          LJ-14
    1.59076e+01    1.26902e+02    1.68843e+01    3.85260e-01    2.51227e+01
     Coulomb-14        LJ (SR)   Coulomb (SR)   Coul. recip.      Potential
   -9.83343e+01    7.38679e+03   -5.14758e+04    1.81988e+02   -4.38201e+04
    Kinetic En.   Total Energy    Temperature Pressure (bar)    dVremain/dl
    7.53962e+03   -3.62805e+04    3.00069e+02   -5.46609e+02    3.98230e+01
   Constr. rmsd
    1.95736e-06

           Step           Time
          63000      126.00000

   Energies (kJ/mol)
           Bond          Angle    Proper Dih. Per. Imp. Dih.          LJ-14
    5.03811e+00    1.24502e+02    1.87911e+01    5.82410e-02    2.84170e+01
     Coulomb-14        LJ (SR)   Coulomb (SR)   Coul. recip.      Potential
   -9.59454e+01    7.29103e+03   -5.13667e+04    1.62680e+02   -4.38322e+04
    Kinetic En.   Total Energy    Temperature Pressure (bar)    dVremain/dl
    7.48873e+03   -3.63434e+04    2.98043e+02   -5.34836e+02    1.71421e+01
   Constr. rmsd
    1.26117e-06

           Step           Time
          64000      128.00000

   Energies (kJ/mol)
           Bond          Angle    Proper Dih. Per. Imp. Dih.          LJ-14
    1.16041e+01    1.24430e+02    2.42667e+01    2.01242e-01    2.55784e+01
     Coulomb-14        LJ (SR)   Coulomb (SR)   Coul. recip.      Potential
   -9.82208e+01    7.29627e+03   -5.11332e+04    1.84511e+02   -4.35646e+04
    Kinetic En.   Total Energy    Temperature Pressure (bar)    dVremain/dl
    7.48333e+03   -3.60813e+04    2.97829e+02   -3.76782e+02   -6.41206e+01
   Constr. rmsd
    9.31436e-07

           Step           Time
          65000      130.00000

   Energies (kJ/mol)
           Bond          Angle    Proper Dih. Per. Imp. Dih.          LJ-14
    1.06205e+01    1.26483e+02    1.39813e+01    2.70301e-01    2.61403e+01
     Coulomb-14        LJ (SR)   Coulomb (SR)   Coul. recip.      Potential
   -9.74809e+01    7.53064e+03   -5.15431e+04    1.56848e+02   -4.37756e+04
    Kinetic En.   Total Energy    Temperature Pressure (bar)    dVremain/dl
    7.45712e+03   -3.63184e+04    2.96785e+02    1.38056e+02    1.08262e+02
   Constr. rmsd
    8.37864e-07

           Step           Time
          66000      132.00000

   Energies (kJ/mol)
           Bond          Angle    Proper Dih. Per. Imp. Dih.          LJ-14
    6.35470e+00    1.24109e+02    1.01320e+01    2.05780e-01    2.90831e+01
     Coulomb-14        LJ (SR)   Coulomb (SR)   Coul. recip.      Potential
   -9.38475e+01    7.36710e+03   -5.15766e+04    1.78494e+02   -4.39549e+04
    Kinetic En.   Total Energy    Temperature Pressure (bar)    dVremain/dl
    7.46958e+03   -3.64854e+04    2.97281e+02   -2.50412e+02    1.52876e+00
   Constr. rmsd
    5.91559e-07

           Step           Time
          67000      134.00000

   Energies (kJ/mol)
           Bond          Angle    Proper Dih. Per. Imp. Dih.          LJ-14
    1.66738e+01    1.13664e+02    8.29009e+00    3.49285e-01    2.44828e+01
     Coulomb-14        LJ (SR)   Coulomb (SR)   Coul. recip.      Potential
   -9.64265e+01    7.80953e+03   -5.20756e+04    1.77109e+02   -4.40219e+04
    Kinetic En.   Total Energy    Temperature Pressure (bar)    dVremain/dl
    7.46497e+03   -3.65570e+04    2.97098e+02    3.84841e+02    8.32402e+01
   Constr. rmsd
    1.84736e-06

           Step           Time
          68000      136.00000

   Energies (kJ/mol)
           Bond          Angle    Proper Dih. Per. Imp. Dih.          LJ-14
    1.06772e+01    1.28365e+02    1.82767e+01    1.77905e-01    2.88990e+01
     Coulomb-14        LJ (SR)   Coulomb (SR)   Coul. recip.      Potential
   -1.00656e+02    7.20400e+03   -5.11758e+04    1.73225e+02   -4.37129e+04
    Kinetic En.   Total Energy    Temperature Pressure (bar)    dVremain/dl
    7.39390e+03   -3.63190e+04    2.94269e+02   -2.18623e+02    5.55914e+01
   Constr. rmsd
    1.17710e-06

           Step           Time
          69000      138.00000

   Energies (kJ/mol)
           Bond          Angle    Proper Dih. Per. Imp. Dih.          LJ-14
    1.34137e+01    1.24104e+02    9.66364e+00    2.90430e-01    2.72449e+01
     Coulomb-14        LJ (SR)   Coulomb (SR)   Coul. recip.      Potential
   -9.86293e+01    7.63442e+03   -5.15981e+04    1.85055e+02   -4.37025e+04
    Kinetic En.   Total Energy    Temperature Pressure (bar)    dVremain/dl
    7.67957e+03   -3.60230e+04    3.05639e+02    2.14220e+02    1.41106e+02
   Constr. rmsd
    2.32206e-06

           Step           Time
          70000      140.00000

   Energies (kJ/mol)
           Bond          Angle    Proper Dih. Per. Imp. Dih.          LJ-14
    8.44915e+00    1.18851e+02    1.04027e+01    1.74564e-01    3.22932e+01
     Coulomb-14        LJ (SR)   Coulomb (SR)   Coul. recip.      Potential
   -9.89597e+01    7.44427e+03   -5.11122e+04    1.87495e+02   -4.34092e+04
    Kinetic En.   Total Energy    Temperature Pressure (bar)    dVremain/dl
    7.68994e+03   -3.57193e+04    3.06051e+02    1.75302e+02    1.31469e+01
   Constr. rmsd
    2.02901e-06

           Step           Time
          71000      142.00000

   Energies (kJ/mol)
           Bond          Angle    Proper Dih. Per. Imp. Dih.          LJ-14
    1.91802e+01    1.33374e+02    9.00230e+00    3.51355e-01    2.54615e+01
     Coulomb-14        LJ (SR)   Coulomb (SR)   Coul. recip.      Potential
   -9.59081e+01    7.53595e+03   -5.16354e+04    1.55563e+02   -4.38524e+04
    Kinetic En.   Total Energy    Temperature Pressure (bar)    dVremain/dl
    7.89089e+03   -3.59615e+04    3.14049e+02    1.01332e+02    1.63575e+02
   Constr. rmsd
    1.07586e-06

           Step           Time
          72000      144.00000

   Energies (kJ/mol)
           Bond          Angle    Proper Dih. Per. Imp. Dih.          LJ-14
    1.56945e+01    1.16890e+02    1.49166e+01    3.82871e-01    2.85264e+01
     Coulomb-14        LJ (SR)   Coulomb (SR)   Coul. recip.      Potential
   -1.00767e+02    7.68834e+03   -5.16865e+04    1.68546e+02   -4.37540e+04
    Kinetic En.   Total Energy    Temperature Pressure (bar)    dVremain/dl
    7.56243e+03   -3.61915e+04    3.00977e+02    5.16484e+02    3.41192e+01
   Constr. rmsd
    5.30669e-06

           Step           Time
          73000      146.00000

   Energies (kJ/mol)
           Bond          Angle    Proper Dih. Per. Imp. Dih.          LJ-14
    9.64280e+00    1.41133e+02    1.19736e+01    2.32906e-01    2.77222e+01
     Coulomb-14        LJ (SR)   Coulomb (SR)   Coul. recip.      Potential
   -9.44825e+01    7.07751e+03   -5.09766e+04    1.76859e+02   -4.36260e+04
    Kinetic En.   Total Energy    Temperature Pressure (bar)    dVremain/dl
    7.61928e+03   -3.60067e+04    3.03239e+02   -4.52380e+02    5.16261e+01
   Constr. rmsd
    6.65600e-07

           Step           Time
          74000      148.00000

   Energies (kJ/mol)
           Bond          Angle    Proper Dih. Per. Imp. Dih.          LJ-14
    7.22202e+00    1.32143e+02    2.16189e+01    3.18867e-01    2.72115e+01
     Coulomb-14        LJ (SR)   Coulomb (SR)   Coul. recip.      Potential
   -9.93134e+01    7.17647e+03   -5.12744e+04    1.77486e+02   -4.38313e+04
    Kinetic En.   Total Energy    Temperature Pressure (bar)    dVremain/dl
    7.63316e+03   -3.61981e+04    3.03791e+02   -5.28068e+02    3.97227e+01
   Constr. rmsd
    2.68915e-06

           Step           Time
          75000      150.00000

   Energies (kJ/mol)
           Bond          Angle    Proper Dih. Per. Imp. Dih.          LJ-14
    8.19975e+00    1.21729e+02    1.41761e+01    3.07670e-01    2.54469e+01
     Coulomb-14        LJ (SR)   Coulomb (SR)   Coul. recip.      Potential
   -9.65304e+01    7.67257e+03   -5.17124e+04    1.73353e+02   -4.37931e+04
    Kinetic En.   Total Energy    Temperature Pressure (bar)    dVremain/dl
    7.62374e+03   -3.61694e+04    3.03417e+02    2.51535e+02    4.58778e+01
   Constr. rmsd
    8.12024e-07

           Step           Time
          76000      152.00000

   Energies (kJ/mol)
           Bond          Angle    Proper Dih. Per. Imp. Dih.          LJ-14
    1.15881e+01    1.34001e+02    1.10645e+01    3.53263e-01    2.69436e+01
     Coulomb-14        LJ (SR)   Coulomb (SR)   Coul. recip.      Potential
   -9.34814e+01    7.83851e+03   -5.19587e+04    1.85276e+02   -4.38445e+04
    Kinetic En.   Total Energy    Temperature Pressure (bar)    dVremain/dl
    7.62955e+03   -3.62149e+04    3.03648e+02    5.12528e+02   -4.28334e+01
   Constr. rmsd
    1.49903e-06

           Step           Time
          77000      154.00000

   Energies (kJ/mol)
           Bond          Angle    Proper Dih. Per. Imp. Dih.          LJ-14
    1.95449e+01    1.21882e+02    1.15640e+01    2.90228e-01    2.33868e+01
     Coulomb-14        LJ (SR)   Coulomb (SR)   Coul. recip.      Potential
   -9.83855e+01    7.40818e+03   -5.13948e+04    1.79807e+02   -4.37285e+04
    Kinetic En.   Total Energy    Temperature Pressure (bar)    dVremain/dl
    7.62174e+03   -3.61068e+04    3.03337e+02   -3.60319e+02    2.30985e+01
   Constr. rmsd
    7.51113e-06

           Step           Time
          78000      156.00000

   Energies (kJ/mol)
           Bond          Angle    Proper Dih. Per. Imp. Dih.          LJ-14
    1.77490e+01    1.31228e+02    1.38920e+01    2.93192e-01    1.98978e+01
     Coulomb-14        LJ (SR)   Coulomb (SR)   Coul. recip.      Potential
   -9.41228e+01    7.85077e+03   -5.18491e+04    1.82836e+02   -4.37266e+04
    Kinetic En.   Total Energy    Temperature Pressure (bar)    dVremain/dl
    7.37841e+03   -3.63482e+04    2.93653e+02    5.22305e+02    2.13434e+02
   Constr. rmsd
    2.05217e-06

           Step           Time
          79000      158.00000

   Energies (kJ/mol)
           Bond          Angle    Proper Dih. Per. Imp. Dih.          LJ-14
    1.71821e+01    1.35280e+02    5.42723e+00    8.31907e-02    2.91859e+01
     Coulomb-14        LJ (SR)   Coulomb (SR)   Coul. recip.      Potential
   -1.00627e+02    7.87111e+03   -5.19490e+04    1.59203e+02   -4.38322e+04
    Kinetic En.   Total Energy    Temperature Pressure (bar)    dVremain/dl
    7.43742e+03   -3.63948e+04    2.96001e+02    9.08644e+02   -3.42696e+00
   Constr. rmsd
    1.54375e-06

           Step           Time
          80000      160.00000

   Energies (kJ/mol)
           Bond          Angle    Proper Dih. Per. Imp. Dih.          LJ-14
    5.89693e+00    1.38763e+02    1.56334e+01    1.06481e-01    2.82513e+01
     Coulomb-14        LJ (SR)   Coulomb (SR)   Coul. recip.      Potential
   -9.48179e+01    7.31897e+03   -5.15168e+04    1.93412e+02   -4.39105e+04
    Kinetic En.   Total Energy    Temperature Pressure (bar)    dVremain/dl
    7.53863e+03   -3.63719e+04    3.00029e+02   -2.68628e+02    1.26839e+02
   Constr. rmsd
    2.49401e-06

           Step           Time
          81000      162.00000

   Energies (kJ/mol)
           Bond          Angle    Proper Dih. Per. Imp. Dih.          LJ-14
    9.68060e+00    1.28837e+02    1.29299e+01    2.71033e-01    2.70505e+01
     Coulomb-14        LJ (SR)   Coulomb (SR)   Coul. recip.      Potential
   -9.51696e+01    8.11145e+03   -5.23754e+04    1.68189e+02   -4.40122e+04
    Kinetic En.   Total Energy    Temperature Pressure (bar)    dVremain/dl
    7.67648e+03   -3.63357e+04    3.05516e+02    9.94529e+02    1.27311e+02
   Constr. rmsd
    5.27122e-06

           Step           Time
          82000      164.00000

   Energies (kJ/mol)
           Bond          Angle    Proper Dih. Per. Imp. Dih.          LJ-14
    1.69430e+01    1.26518e+02    2.83280e+01    6.19952e-01    2.49362e+01
     Coulomb-14        LJ (SR)   Coulomb (SR)   Coul. recip.      Potential
   -9.83572e+01    7.43703e+03   -5.18737e+04    1.65714e+02   -4.41719e+04
    Kinetic En.   Total Energy    Temperature Pressure (bar)    dVremain/dl
    7.35183e+03   -3.68201e+04    2.92595e+02   -4.51450e+02    9.53547e+01
   Constr. rmsd
    1.06724e-06

           Step           Time
          83000      166.00000

   Energies (kJ/mol)
           Bond          Angle    Proper Dih. Per. Imp. Dih.          LJ-14
    5.17215e+00    1.41275e+02    1.22154e+01    1.45391e-01    3.01244e+01
     Coulomb-14        LJ (SR)   Coulomb (SR)   Coul. recip.      Potential
   -9.63939e+01    7.64989e+03   -5.18150e+04    1.64720e+02   -4.39079e+04
    Kinetic En.   Total Energy    Temperature Pressure (bar)    dVremain/dl
    7.43564e+03   -3.64722e+04    2.95931e+02    4.37182e+02    9.26668e+01
   Constr. rmsd
    3.69472e-06

           Step           Time
          84000      168.00000

   Energies (kJ/mol)
           Bond          Angle    Proper Dih. Per. Imp. Dih.          LJ-14
    1.53719e+00    1.18843e+02    1.49359e+01    3.17401e-01    2.99027e+01
     Coulomb-14        LJ (SR)   Coulomb (SR)   Coul. recip.      Potential
   -9.68029e+01    7.94585e+03   -5.23206e+04    2.00690e+02   -4.41053e+04
    Kinetic En.   Total Energy    Temperature Pressure (bar)    dVremain/dl
    7.56888e+03   -3.65364e+04    3.01233e+02    1.18232e+03    1.94337e+02
   Constr. rmsd
    2.21213e-06

           Step           Time
          85000      170.00000

   Energies (kJ/mol)
           Bond          Angle    Proper Dih. Per. Imp. Dih.          LJ-14
    1.24435e+01    1.20634e+02    1.13952e+01    1.44097e-01    2.63201e+01
     Coulomb-14        LJ (SR)   Coulomb (SR)   Coul. recip.      Potential
   -9.71792e+01    7.33876e+03   -5.13492e+04    1.82316e+02   -4.37543e+04
    Kinetic En.   Total Energy    Temperature Pressure (bar)    dVremain/dl
    7.63935e+03   -3.61150e+04    3.04038e+02    1.79366e+02    8.10219e+01
   Constr. rmsd
    1.27713e-06

           Step           Time
          86000      172.00000

   Energies (kJ/mol)
           Bond          Angle    Proper Dih. Per. Imp. Dih.          LJ-14
    2.36711e+01    1.33503e+02    9.55694e+00    1.65958e-01    2.26395e+01
     Coulomb-14        LJ (SR)   Coulomb (SR)   Coul. recip.      Potential
   -9.83396e+01    6.99479e+03   -5.10437e+04    1.73708e+02   -4.37840e+04
    Kinetic En.   Total Energy    Temperature Pressure (bar)    dVremain/dl
    7.39903e+03   -3.63850e+04    2.94474e+02   -7.57458e+02    1.11027e+02
   Constr. rmsd
    3.89123e-06

           Step           Time
          87000      174.00000

   Energies (kJ/mol)
           Bond          Angle    Proper Dih. Per. Imp. Dih.          LJ-14
    4.64047e+00    1.32866e+02    1.20096e+01    4.50341e-01    3.38239e+01
     Coulomb-14        LJ (SR)   Coulomb (SR)   Coul. recip.      Potential
   -9.61368e+01    7.33965e+03   -5.13815e+04    1.72283e+02   -4.37819e+04
    Kinetic En.   Total Energy    Temperature Pressure (bar)    dVremain/dl
    7.55834e+03   -3.62236e+04    3.00814e+02   -1.28636e+02    4.29964e+01
   Constr. rmsd
    1.32973e-06

           Step           Time
          88000      176.00000

   Energies (kJ/mol)
           Bond          Angle    Proper Dih. Per. Imp. Dih.          LJ-14
    7.05357e+00    1.36967e+02    1.91824e+01    1.45487e-01    2.96717e+01
     Coulomb-14        LJ (SR)   Coulomb (SR)   Coul. recip.      Potential
   -1.00812e+02    7.54651e+03   -5.15426e+04    1.65647e+02   -4.37382e+04
    Kinetic En.   Total Energy    Temperature Pressure (bar)    dVremain/dl
    7.47885e+03   -3.62594e+04    2.97650e+02    2.20970e+02    6.09673e+01
   Constr. rmsd
    5.45635e-06

           Step           Time
          89000      178.00000

   Energies (kJ/mol)
           Bond          Angle    Proper Dih. Per. Imp. Dih.          LJ-14
    1.05341e+01    1.21632e+02    7.10481e+00    1.40691e-01    2.68360e+01
     Coulomb-14        LJ (SR)   Coulomb (SR)   Coul. recip.      Potential
   -9.95924e+01    7.42688e+03   -5.13454e+04    1.68133e+02   -4.36838e+04
    Kinetic En.   Total Energy    Temperature Pressure (bar)    dVremain/dl
    7.37724e+03   -3.63065e+04    2.93606e+02   -2.13193e+02    5.45402e+01
   Constr. rmsd
    5.96344e-07

           Step           Time
          90000      180.00000

   Energies (kJ/mol)
           Bond          Angle    Proper Dih. Per. Imp. Dih.          LJ-14
    6.52484e+00    1.32551e+02    1.35559e+01    3.38270e-01    3.32593e+01
     Coulomb-14        LJ (SR)   Coulomb (SR)   Coul. recip.      Potential
   -9.48337e+01    7.51669e+03   -5.16016e+04    1.73890e+02   -4.38197e+04
    Kinetic En.   Total Energy    Temperature Pressure (bar)    dVremain/dl
    7.72250e+03   -3.60972e+04    3.07347e+02    2.15693e+01    1.35595e+02
   Constr. rmsd
    6.75216e-06

           Step           Time
          91000      182.00000

   Energies (kJ/mol)
           Bond          Angle    Proper Dih. Per. Imp. Dih.          LJ-14
    7.50076e+00    1.22790e+02    6.89322e+00    1.51862e-01    2.66278e+01
     Coulomb-14        LJ (SR)   Coulomb (SR)   Coul. recip.      Potential
   -9.58820e+01    7.61581e+03   -5.17007e+04    2.02995e+02   -4.38138e+04
    Kinetic En.   Total Energy    Temperature Pressure (bar)    dVremain/dl
    7.76493e+03   -3.60489e+04    3.09036e+02   -5.38156e+01   -8.75754e+00
   Constr. rmsd
    5.61376e-06

           Step           Time
          92000      184.00000

   Energies (kJ/mol)
           Bond          Angle    Proper Dih. Per. Imp. Dih.          LJ-14
    1.85092e+01    1.22240e+02    1.14013e+01    1.55059e-01    2.59735e+01
     Coulomb-14        LJ (SR)   Coulomb (SR)   Coul. recip.      Potential
   -1.00068e+02    7.25204e+03   -5.10897e+04    1.75669e+02   -4.35838e+04
    Kinetic En.   Total Energy    Temperature Pressure (bar)    dVremain/dl
    7.67521e+03   -3.59086e+04    3.05465e+02   -5.85043e+02    1.68033e+02
   Constr. rmsd
    1.06073e-06

           Step           Time
          93000      186.00000

   Energies (kJ/mol)
           Bond          Angle    Proper Dih. Per. Imp. Dih.          LJ-14
    1.10311e+01    1.21151e+02    1.48591e+01    1.88459e-01    2.77225e+01
     Coulomb-14        LJ (SR)   Coulomb (SR)   Coul. recip.      Potential
   -9.87910e+01    7.59987e+03   -5.16535e+04    1.71504e+02   -4.38059e+04
    Kinetic En.   Total Energy    Temperature Pressure (bar)    dVremain/dl
    7.68841e+03   -3.61175e+04    3.05991e+02   -7.72996e+01    1.17156e+02
   Constr. rmsd
    1.33786e-06

           Step           Time
          94000      188.00000

   Energies (kJ/mol)
           Bond          Angle    Proper Dih. Per. Imp. Dih.          LJ-14
    1.35772e+01    1.26949e+02    2.09339e+01    5.73816e-01    2.95285e+01
     Coulomb-14        LJ (SR)   Coulomb (SR)   Coul. recip.      Potential
   -9.89591e+01    7.53727e+03   -5.16084e+04    1.93262e+02   -4.37853e+04
    Kinetic En.   Total Energy    Temperature Pressure (bar)    dVremain/dl
    7.75708e+03   -3.60282e+04    3.08724e+02   -2.35092e+02    1.94307e+01
   Constr. rmsd
    3.02760e-06

           Step           Time
          95000      190.00000

   Energies (kJ/mol)
           Bond          Angle    Proper Dih. Per. Imp. Dih.          LJ-14
    7.52711e+00    1.24519e+02    1.57071e+01    2.34588e-01    2.62269e+01
     Coulomb-14        LJ (SR)   Coulomb (SR)   Coul. recip.      Potential
   -9.55156e+01    7.18152e+03   -5.10386e+04    1.84231e+02   -4.35942e+04
    Kinetic En.   Total Energy    Temperature Pressure (bar)    dVremain/dl
    7.26903e+03   -3.63251e+04    2.89300e+02   -6.92226e+02   -1.35040e+00
   Constr. rmsd
    1.11159e-06

           Step           Time
          96000      192.00000

   Energies (kJ/mol)
           Bond          Angle    Proper Dih. Per. Imp. Dih.          LJ-14
    7.07481e+00    1.34709e+02    1.52179e+01    2.45540e-01    2.55669e+01
     Coulomb-14        LJ (SR)   Coulomb (SR)   Coul. recip.      Potential
   -9.77614e+01    7.13428e+03   -5.07797e+04    1.95527e+02   -4.33649e+04
    Kinetic En.   Total Energy    Temperature Pressure (bar)    dVremain/dl
    7.28277e+03   -3.60821e+04    2.89847e+02   -5.13311e+02   -4.06441e+01
   Constr. rmsd
    1.92312e-06

           Step           Time
          97000      194.00000

   Energies (kJ/mol)
           Bond          Angle    Proper Dih. Per. Imp. Dih.          LJ-14
    1.78908e+01    1.18908e+02    1.62267e+01    3.61166e-01    2.76481e+01
     Coulomb-14        LJ (SR)   Coulomb (SR)   Coul. recip.      Potential
   -1.01762e+02    7.19653e+03   -5.09974e+04    1.67844e+02   -4.35537e+04
    Kinetic En.   Total Energy    Temperature Pressure (bar)    dVremain/dl
    7.68321e+03   -3.58705e+04    3.05784e+02   -6.06629e+02    1.64309e+02
   Constr. rmsd
    1.22893e-06

           Step           Time
          98000      196.00000

   Energies (kJ/mol)
           Bond          Angle    Proper Dih. Per. Imp. Dih.          LJ-14
    8.68363e+00    1.25788e+02    1.63201e+01    2.99892e-01    2.77000e+01
     Coulomb-14        LJ (SR)   Coulomb (SR)   Coul. recip.      Potential
   -9.97909e+01    7.47386e+03   -5.14826e+04    1.76786e+02   -4.37530e+04
    Kinetic En.   Total Energy    Temperature Pressure (bar)    dVremain/dl
    7.79234e+03   -3.59606e+04    3.10127e+02   -1.30666e+02    5.50760e+01
   Constr. rmsd
    2.63457e-06

           Step           Time
          99000      198.00000

   Energies (kJ/mol)
           Bond          Angle    Proper Dih. Per. Imp. Dih.          LJ-14
    5.14732e+00    1.19078e+02    8.44962e+00    1.11218e-01    2.68364e+01
     Coulomb-14        LJ (SR)   Coulomb (SR)   Coul. recip.      Potential
   -9.66580e+01    7.57030e+03   -5.14530e+04    1.88414e+02   -4.36313e+04
    Kinetic En.   Total Energy    Temperature Pressure (bar)    dVremain/dl
    7.68050e+03   -3.59508e+04    3.05676e+02    1.80860e+02    1.35590e+02
   Constr. rmsd
    1.99449e-06

           Step           Time
         100000      200.00000

Writing checkpoint, step 100000 at Wed Oct 18 07:32:59 2023


   Energies (kJ/mol)
           Bond          Angle    Proper Dih. Per. Imp. Dih.          LJ-14
    1.13617e+01    1.33057e+02    1.38675e+01    3.68444e-01    2.55156e+01
     Coulomb-14        LJ (SR)   Coulomb (SR)   Coul. recip.      Potential
   -9.55860e+01    7.35659e+03   -5.13472e+04    1.59492e+02   -4.37425e+04
    Kinetic En.   Total Energy    Temperature Pressure (bar)    dVremain/dl
    7.54789e+03   -3.61946e+04    3.00398e+02   -3.77140e+02    5.58497e+01
   Constr. rmsd
    1.81936e-06


	<======  ###############  ==>
	<====  A V E R A G E S  ====>
	<==  ###############  ======>

	Statistics over 100001 steps using 2001 frames

   Energies (kJ/mol)
           Bond          Angle    Proper Dih. Per. Imp. Dih.          LJ-14
    1.24080e+01    1.25401e+02    1.29703e+01    2.36654e-01    2.70967e+01
     Coulomb-14        LJ (SR)   Coulomb (SR)   Coul. recip.      Potential
   -9.77324e+01    7.45830e+03   -5.14768e+04    1.77019e+02   -4.37611e+04
    Kinetic En.   Total Energy    Temperature Pressure (bar)    dVremain/dl
    7.55064e+03   -3.62104e+04    3.00507e+02   -5.90860e+01    8.51410e+01
   Constr. rmsd
    0.00000e+00

          Box-X          Box-Y          Box-Z
    3.49310e+00    3.49310e+00    2.47000e+00

   Total Virial (kJ/mol)
    2.58226e+03    8.24067e+00    1.35630e-01
    8.23941e+00    2.58034e+03    6.52799e+00
    1.33821e-01    6.52473e+00    2.55595e+03

   Pressure (bar)
   -6.88506e+01   -7.65656e+00    1.71418e+00
   -7.65518e+00   -6.79955e+01   -8.94816e+00
    1.71617e+00   -8.94458e+00   -4.04119e+01


	M E G A - F L O P S   A C C O U N T I N G

 NB=Group-cutoff nonbonded kernels    NxN=N-by-N cluster Verlet kernels
 RF=Reaction-Field  VdW=Van der Waals  QSTab=quadratic-spline table
 W3=SPC/TIP3p  W4=TIP4p (single or pairs)
 V&F=Potential and force  V=Potential only  F=Force only

 Computing:                               M-Number         M-Flops  % Flops
-----------------------------------------------------------------------------
 NB Free energy kernel               569641.488126      569641.488     3.4
 Pair Search distance check            3011.947654       27107.529     0.2
 NxN Ewald Elec. + LJ [F]            113773.274048     7509036.087    45.0
 NxN Ewald Elec. + LJ [V&F]            2323.055760      248566.966     1.5
 NxN Ewald Elec. [F]                 109614.544480     6686487.213    40.1
 NxN Ewald Elec. [V&F]                 2238.147536      188004.393     1.1
 1,4 nonbonded interactions              12.100121        1089.011     0.0
 Calc Weights                           905.709057       32605.526     0.2
 Spread Q Bspline                     38643.586432       77287.173     0.5
 Gather F Bspline                     38643.586432      231861.519     1.4
 3D-FFT                              126638.466372     1013107.731     6.1
 Solve PME                              156.801568       10035.300     0.1
 Reset In Box                             6.041019          18.123     0.0
 CG-CoM                                   6.044038          18.132     0.0
 Bonds                                    0.900009          53.101     0.0
 Angles                                   3.100031         520.805     0.0
 Propers                                  4.100041         938.909     0.0
 Impropers                                1.800018         374.404     0.0
 Virial                                  30.643064         551.575     0.0
 Update                                 301.903019        9358.994     0.1
 Stop-CM                                  3.025038          30.250     0.0
 P-Coupling                              30.193019         181.158     0.0
 Calc-Ekin                               60.386038        1630.423     0.0
 Lincs                                    2.000040         120.002     0.0
 Lincs-Mat                                9.600192          38.401     0.0
 Constraint-V                           604.009060        5436.082     0.0
 Constraint-Vir                          30.103010         722.472     0.0
 Settle                                 200.004000       74001.480     0.4
-----------------------------------------------------------------------------
 Total                                                16688824.248   100.0
-----------------------------------------------------------------------------


    D O M A I N   D E C O M P O S I T I O N   S T A T I S T I C S

 av. #atoms communicated per step for force:  2 x 0.0
 av. #atoms communicated per step for LINCS:  2 x 0.0


     R E A L   C Y C L E   A N D   T I M E   A C C O U N T I N G

On 1 MPI rank

 Computing:          Num   Num      Call    Wall time         Giga-Cycles
                     Ranks Threads  Count      (s)         total sum    %
-----------------------------------------------------------------------------
 Domain decomp.         1    1       2001       0.660          1.975   0.2
 Neighbor search        1    1       2001       8.674         25.973   2.8
 Force                  1    1     100001     225.528        675.313  72.4
 PME mesh               1    1     100001      63.777        190.973  20.5
 NB X/F buffer ops.     1    1     198001       0.771          2.309   0.2
 Write traj.            1    1        101       0.084          0.251   0.0
 Update                 1    1     200002       6.801         20.364   2.2
 Constraints            1    1     200004       4.419         13.233   1.4
 Rest                                           0.716          2.145   0.2
-----------------------------------------------------------------------------
 Total                                        311.431        932.537 100.0
-----------------------------------------------------------------------------
 Breakdown of PME mesh computation
-----------------------------------------------------------------------------
 PME spread             1    1     200002      15.967         47.810   5.1
 PME gather             1    1     200002      14.978         44.849   4.8
 PME 3D-FFT             1    1     400004      26.841         80.372   8.6
 PME solve Elec         1    1     200002       5.925         17.741   1.9
-----------------------------------------------------------------------------

               Core t (s)   Wall t (s)        (%)
       Time:      311.428      311.431      100.0
                 (ns/day)    (hour/ns)
Performance:       55.486        0.433
Finished mdrun on rank 0 Wed Oct 18 07:32:59 2023

